This file contains any messages produced by compilers while
running configure, to aid debugging if configure makes a mistake.

It was created by Safe C Library configure 10052013, which was
generated by GNU Autoconf 2.67.  Invocation command line was

  $ ./configure 

## --------- ##
## Platform. ##
## --------- ##

hostname = bujji
uname -m = x86_64
uname -r = 3.13.0-53-generic
uname -s = Linux
uname -v = #88-Ubuntu SMP Wed May 13 18:10:29 UTC 2015

/usr/bin/uname -p = unknown
/bin/uname -X     = unknown

/bin/arch              = unknown
/usr/bin/arch -k       = unknown
/usr/convex/getsysinfo = unknown
/usr/bin/hostinfo      = unknown
/bin/machine           = unknown
/usr/bin/oslevel       = unknown
/bin/universe          = unknown

PATH: /usr/local/sbin
PATH: /usr/local/bin
PATH: /usr/sbin
PATH: /usr/bin
PATH: /sbin
PATH: /bin
PATH: /usr/games
PATH: /usr/local/games


## ----------- ##
## Core tests. ##
## ----------- ##

configure:2441: checking for a BSD-compatible install
configure:2509: result: /usr/bin/install -c
configure:2520: checking whether build environment is sane
configure:2570: result: yes
configure:2711: checking for a thread-safe mkdir -p
configure:2750: result: /bin/mkdir -p
configure:2763: checking for gawk
configure:2793: result: no
configure:2763: checking for mawk
configure:2779: found /usr/bin/mawk
configure:2790: result: mawk
configure:2801: checking whether make sets $(MAKE)
configure:2823: result: yes
configure:2941: checking build system type
configure:2955: result: x86_64-unknown-linux-gnu
configure:2975: checking host system type
configure:2988: result: x86_64-unknown-linux-gnu
configure:3029: checking how to print strings
configure:3056: result: printf
configure:3089: checking for style of include used by make
configure:3117: result: GNU
configure:3187: checking for gcc
configure:3203: found /usr/bin/gcc
configure:3214: result: gcc
configure:3443: checking for C compiler version
configure:3452: gcc --version >&5
gcc (Ubuntu 4.9.2-0ubuntu1~14.04) 4.9.2
Copyright (C) 2014 Free Software Foundation, Inc.
This is free software; see the source for copying conditions.  There is NO
warranty; not even for MERCHANTABILITY or FITNESS FOR A PARTICULAR PURPOSE.

configure:3463: $? = 0
configure:3452: gcc -v >&5
Using built-in specs.
COLLECT_GCC=gcc
COLLECT_LTO_WRAPPER=/usr/lib/gcc/x86_64-linux-gnu/4.9/lto-wrapper
Target: x86_64-linux-gnu
Configured with: ../src/configure -v --with-pkgversion='Ubuntu 4.9.2-0ubuntu1~14.04' --with-bugurl=file:///usr/share/doc/gcc-4.9/README.Bugs --enable-languages=c,c++,java,go,d,fortran,objc,obj-c++ --prefix=/usr --program-suffix=-4.9 --enable-shared --enable-linker-build-id --libexecdir=/usr/lib --without-included-gettext --enable-threads=posix --with-gxx-include-dir=/usr/include/c++/4.9 --libdir=/usr/lib --enable-nls --with-sysroot=/ --enable-clocale=gnu --enable-libstdcxx-debug --enable-libstdcxx-time=yes --enable-gnu-unique-object --disable-vtable-verify --enable-plugin --with-system-zlib --disable-browser-plugin --enable-java-awt=gtk --enable-gtk-cairo --with-java-home=/usr/lib/jvm/java-1.5.0-gcj-4.9-amd64/jre --enable-java-home --with-jvm-root-dir=/usr/lib/jvm/java-1.5.0-gcj-4.9-amd64 --with-jvm-jar-dir=/usr/lib/jvm-exports/java-1.5.0-gcj-4.9-amd64 --with-arch-directory=amd64 --with-ecj-jar=/usr/share/java/eclipse-ecj.jar --enable-objc-gc --enable-multiarch --disable-werror --with-arch-32=i686 --with-abi=m64 --with-multilib-list=m32,m64,mx32 --enable-multilib --with-tune=generic --enable-checking=release --build=x86_64-linux-gnu --host=x86_64-linux-gnu --target=x86_64-linux-gnu
Thread model: posix
gcc version 4.9.2 (Ubuntu 4.9.2-0ubuntu1~14.04) 
configure:3463: $? = 0
configure:3452: gcc -V >&5
gcc: error: unrecognized command line option '-V'
gcc: fatal error: no input files
compilation terminated.
configure:3463: $? = 4
configure:3452: gcc -qversion >&5
gcc: error: unrecognized command line option '-qversion'
gcc: fatal error: no input files
compilation terminated.
configure:3463: $? = 4
configure:3483: checking whether the C compiler works
configure:3505: gcc    conftest.c  >&5
configure:3509: $? = 0
configure:3557: result: yes
configure:3560: checking for C compiler default output file name
configure:3562: result: a.out
configure:3568: checking for suffix of executables
configure:3575: gcc -o conftest    conftest.c  >&5
configure:3579: $? = 0
configure:3601: result: 
configure:3623: checking whether we are cross compiling
configure:3631: gcc -o conftest    conftest.c  >&5
configure:3635: $? = 0
configure:3642: ./conftest
configure:3646: $? = 0
configure:3661: result: no
configure:3666: checking for suffix of object files
configure:3688: gcc -c   conftest.c >&5
configure:3692: $? = 0
configure:3713: result: o
configure:3717: checking whether we are using the GNU C compiler
configure:3736: gcc -c   conftest.c >&5
configure:3736: $? = 0
configure:3745: result: yes
configure:3754: checking whether gcc accepts -g
configure:3774: gcc -c -g  conftest.c >&5
configure:3774: $? = 0
configure:3815: result: yes
configure:3832: checking for gcc option to accept ISO C89
configure:3896: gcc  -c -g -O2  conftest.c >&5
configure:3896: $? = 0
configure:3909: result: none needed
configure:3931: checking dependency style of gcc
configure:4041: result: gcc3
configure:4056: checking for a sed that does not truncate output
configure:4120: result: /bin/sed
configure:4138: checking for grep that handles long lines and -e
configure:4196: result: /bin/grep
configure:4201: checking for egrep
configure:4263: result: /bin/grep -E
configure:4268: checking for fgrep
configure:4330: result: /bin/grep -F
configure:4365: checking for ld used by gcc
configure:4432: result: /usr/bin/ld
configure:4439: checking if the linker (/usr/bin/ld) is GNU ld
configure:4454: result: yes
configure:4466: checking for BSD- or MS-compatible name lister (nm)
configure:4515: result: /usr/bin/nm -B
configure:4645: checking the name lister (/usr/bin/nm -B) interface
configure:4652: gcc -c -g -O2  conftest.c >&5
configure:4655: /usr/bin/nm -B "conftest.o"
configure:4658: output
0000000000000000 B some_variable
configure:4665: result: BSD nm
configure:4668: checking whether ln -s works
configure:4672: result: yes
configure:4680: checking the maximum length of command line arguments
configure:4805: result: 1572864
configure:4822: checking whether the shell understands some XSI constructs
configure:4832: result: yes
configure:4836: checking whether the shell understands "+="
configure:4842: result: yes
configure:4877: checking for /usr/bin/ld option to reload object files
configure:4884: result: -r
configure:4953: checking for objdump
configure:4969: found /usr/bin/objdump
configure:4980: result: objdump
configure:5012: checking how to recognize dependent libraries
configure:5214: result: pass_all
configure:5274: checking for ar
configure:5290: found /usr/bin/ar
configure:5301: result: ar
configure:5379: checking for strip
configure:5395: found /usr/bin/strip
configure:5406: result: strip
configure:5478: checking for ranlib
configure:5494: found /usr/bin/ranlib
configure:5505: result: ranlib
configure:5607: checking command to parse /usr/bin/nm -B output from gcc object
configure:5725: gcc -c -g -O2  conftest.c >&5
configure:5728: $? = 0
configure:5732: /usr/bin/nm -B conftest.o \| sed -n -e 's/^.*[ ]\([ABCDGIRSTW][ABCDGIRSTW]*\)[ ][ ]*\([_A-Za-z][_A-Za-z0-9]*\)$/\1 \2 \2/p' \> conftest.nm
configure:5735: $? = 0
configure:5789: gcc -o conftest -g -O2   conftest.c conftstm.o >&5
configure:5792: $? = 0
configure:5830: result: ok
configure:5926: gcc -c -g -O2  conftest.c >&5
configure:5929: $? = 0
configure:6671: checking how to run the C preprocessor
configure:6702: gcc -E  conftest.c
configure:6702: $? = 0
configure:6716: gcc -E  conftest.c
conftest.c:9:28: fatal error: ac_nonexistent.h: No such file or directory
 #include <ac_nonexistent.h>
                            ^
compilation terminated.
configure:6716: $? = 1
configure: failed program was:
| /* confdefs.h */
| #define PACKAGE_NAME "Safe C Library"
| #define PACKAGE_TARNAME "libsafec"
| #define PACKAGE_VERSION "10052013"
| #define PACKAGE_STRING "Safe C Library 10052013"
| #define PACKAGE_BUGREPORT "https://sourceforge.net/projects/safeclib/support"
| #define PACKAGE_URL "http://sourceforge.net/projects/safeclib/"
| /* end confdefs.h.  */
| #include <ac_nonexistent.h>
configure:6741: result: gcc -E
configure:6761: gcc -E  conftest.c
configure:6761: $? = 0
configure:6775: gcc -E  conftest.c
conftest.c:9:28: fatal error: ac_nonexistent.h: No such file or directory
 #include <ac_nonexistent.h>
                            ^
compilation terminated.
configure:6775: $? = 1
configure: failed program was:
| /* confdefs.h */
| #define PACKAGE_NAME "Safe C Library"
| #define PACKAGE_TARNAME "libsafec"
| #define PACKAGE_VERSION "10052013"
| #define PACKAGE_STRING "Safe C Library 10052013"
| #define PACKAGE_BUGREPORT "https://sourceforge.net/projects/safeclib/support"
| #define PACKAGE_URL "http://sourceforge.net/projects/safeclib/"
| /* end confdefs.h.  */
| #include <ac_nonexistent.h>
configure:6804: checking for ANSI C header files
configure:6824: gcc -c -g -O2  conftest.c >&5
configure:6824: $? = 0
configure:6897: gcc -o conftest -g -O2   conftest.c  >&5
configure:6897: $? = 0
configure:6897: ./conftest
configure:6897: $? = 0
configure:6908: result: yes
configure:6921: checking for sys/types.h
configure:6921: gcc -c -g -O2  conftest.c >&5
configure:6921: $? = 0
configure:6921: result: yes
configure:6921: checking for sys/stat.h
configure:6921: gcc -c -g -O2  conftest.c >&5
configure:6921: $? = 0
configure:6921: result: yes
configure:6921: checking for stdlib.h
configure:6921: gcc -c -g -O2  conftest.c >&5
configure:6921: $? = 0
configure:6921: result: yes
configure:6921: checking for string.h
configure:6921: gcc -c -g -O2  conftest.c >&5
configure:6921: $? = 0
configure:6921: result: yes
configure:6921: checking for memory.h
configure:6921: gcc -c -g -O2  conftest.c >&5
configure:6921: $? = 0
configure:6921: result: yes
configure:6921: checking for strings.h
configure:6921: gcc -c -g -O2  conftest.c >&5
configure:6921: $? = 0
configure:6921: result: yes
configure:6921: checking for inttypes.h
configure:6921: gcc -c -g -O2  conftest.c >&5
configure:6921: $? = 0
configure:6921: result: yes
configure:6921: checking for stdint.h
configure:6921: gcc -c -g -O2  conftest.c >&5
configure:6921: $? = 0
configure:6921: result: yes
configure:6921: checking for unistd.h
configure:6921: gcc -c -g -O2  conftest.c >&5
configure:6921: $? = 0
configure:6921: result: yes
configure:6935: checking for dlfcn.h
configure:6935: gcc -c -g -O2  conftest.c >&5
configure:6935: $? = 0
configure:6935: result: yes
configure:7122: checking for objdir
configure:7137: result: .libs
configure:7408: checking if gcc supports -fno-rtti -fno-exceptions
configure:7426: gcc -c -g -O2  -fno-rtti -fno-exceptions conftest.c >&5
cc1: warning: command line option '-fno-rtti' is valid for C++/ObjC++ but not for C
configure:7430: $? = 0
configure:7443: result: no
configure:7463: checking for gcc option to produce PIC
configure:7748: result: -fPIC -DPIC
configure:7760: checking if gcc PIC flag -fPIC -DPIC works
configure:7778: gcc -c -g -O2  -fPIC -DPIC -DPIC conftest.c >&5
configure:7782: $? = 0
configure:7795: result: yes
configure:7819: checking if gcc static flag -static works
configure:7847: result: yes
configure:7862: checking if gcc supports -c -o file.o
configure:7883: gcc -c -g -O2  -o out/conftest2.o conftest.c >&5
configure:7887: $? = 0
configure:7909: result: yes
configure:7917: checking if gcc supports -c -o file.o
configure:7964: result: yes
configure:7997: checking whether the gcc linker (/usr/bin/ld -m elf_x86_64) supports shared libraries
configure:9072: result: yes
configure:9109: checking whether -lc should be explicitly linked in
configure:9117: gcc -c -g -O2  conftest.c >&5
configure:9120: $? = 0
configure:9135: gcc -shared conftest.o  -v -Wl,-soname -Wl,conftest -o conftest 2\>\&1 \| /bin/grep  -lc  \>/dev/null 2\>\&1
configure:9138: $? = 0
configure:9152: result: no
configure:9317: checking dynamic linker characteristics
configure:9772: gcc -o conftest -g -O2   -Wl,-rpath -Wl,/foo conftest.c  >&5
configure:9772: $? = 0
configure:9994: result: GNU/Linux ld.so
configure:10101: checking how to hardcode library paths into programs
configure:10126: result: immediate
configure:10666: checking whether stripping libraries is possible
configure:10671: result: yes
configure:10706: checking if libtool supports shared libraries
configure:10708: result: yes
configure:10711: checking whether to build shared libraries
configure:10732: result: yes
configure:10735: checking whether to build static libraries
configure:10739: result: yes
configure:10948: Check programs
configure:10999: checking for gcc
configure:11026: result: gcc
configure:11255: checking for C compiler version
configure:11264: gcc --version >&5
gcc (Ubuntu 4.9.2-0ubuntu1~14.04) 4.9.2
Copyright (C) 2014 Free Software Foundation, Inc.
This is free software; see the source for copying conditions.  There is NO
warranty; not even for MERCHANTABILITY or FITNESS FOR A PARTICULAR PURPOSE.

configure:11275: $? = 0
configure:11264: gcc -v >&5
Using built-in specs.
COLLECT_GCC=gcc
COLLECT_LTO_WRAPPER=/usr/lib/gcc/x86_64-linux-gnu/4.9/lto-wrapper
Target: x86_64-linux-gnu
Configured with: ../src/configure -v --with-pkgversion='Ubuntu 4.9.2-0ubuntu1~14.04' --with-bugurl=file:///usr/share/doc/gcc-4.9/README.Bugs --enable-languages=c,c++,java,go,d,fortran,objc,obj-c++ --prefix=/usr --program-suffix=-4.9 --enable-shared --enable-linker-build-id --libexecdir=/usr/lib --without-included-gettext --enable-threads=posix --with-gxx-include-dir=/usr/include/c++/4.9 --libdir=/usr/lib --enable-nls --with-sysroot=/ --enable-clocale=gnu --enable-libstdcxx-debug --enable-libstdcxx-time=yes --enable-gnu-unique-object --disable-vtable-verify --enable-plugin --with-system-zlib --disable-browser-plugin --enable-java-awt=gtk --enable-gtk-cairo --with-java-home=/usr/lib/jvm/java-1.5.0-gcj-4.9-amd64/jre --enable-java-home --with-jvm-root-dir=/usr/lib/jvm/java-1.5.0-gcj-4.9-amd64 --with-jvm-jar-dir=/usr/lib/jvm-exports/java-1.5.0-gcj-4.9-amd64 --with-arch-directory=amd64 --with-ecj-jar=/usr/share/java/eclipse-ecj.jar --enable-objc-gc --enable-multiarch --disable-werror --with-arch-32=i686 --with-abi=m64 --with-multilib-list=m32,m64,mx32 --enable-multilib --with-tune=generic --enable-checking=release --build=x86_64-linux-gnu --host=x86_64-linux-gnu --target=x86_64-linux-gnu
Thread model: posix
gcc version 4.9.2 (Ubuntu 4.9.2-0ubuntu1~14.04) 
configure:11275: $? = 0
configure:11264: gcc -V >&5
gcc: error: unrecognized command line option '-V'
gcc: fatal error: no input files
compilation terminated.
configure:11275: $? = 4
configure:11264: gcc -qversion >&5
gcc: error: unrecognized command line option '-qversion'
gcc: fatal error: no input files
compilation terminated.
configure:11275: $? = 4
configure:11279: checking whether we are using the GNU C compiler
configure:11307: result: yes
configure:11316: checking whether gcc accepts -g
configure:11377: result: yes
configure:11394: checking for gcc option to accept ISO C89
configure:11471: result: none needed
configure:11493: checking dependency style of gcc
configure:11603: result: gcc3
configure:11623: checking how to run the C preprocessor
configure:11693: result: gcc -E
configure:11713: gcc -E  conftest.c
configure:11713: $? = 0
configure:11727: gcc -E  conftest.c
conftest.c:21:28: fatal error: ac_nonexistent.h: No such file or directory
 #include <ac_nonexistent.h>
                            ^
compilation terminated.
configure:11727: $? = 1
configure: failed program was:
| /* confdefs.h */
| #define PACKAGE_NAME "Safe C Library"
| #define PACKAGE_TARNAME "libsafec"
| #define PACKAGE_VERSION "10052013"
| #define PACKAGE_STRING "Safe C Library 10052013"
| #define PACKAGE_BUGREPORT "https://sourceforge.net/projects/safeclib/support"
| #define PACKAGE_URL "http://sourceforge.net/projects/safeclib/"
| #define STDC_HEADERS 1
| #define HAVE_SYS_TYPES_H 1
| #define HAVE_SYS_STAT_H 1
| #define HAVE_STDLIB_H 1
| #define HAVE_STRING_H 1
| #define HAVE_MEMORY_H 1
| #define HAVE_STRINGS_H 1
| #define HAVE_INTTYPES_H 1
| #define HAVE_STDINT_H 1
| #define HAVE_UNISTD_H 1
| #define HAVE_DLFCN_H 1
| #define LT_OBJDIR ".libs/"
| /* end confdefs.h.  */
| #include <ac_nonexistent.h>
configure:11757: checking whether gcc and cc understand -c and -o together
configure:11788: gcc -c conftest.c -o conftest2.o >&5
configure:11792: $? = 0
configure:11798: gcc -c conftest.c -o conftest2.o >&5
configure:11802: $? = 0
configure:11813: cc -c conftest.c >&5
configure:11817: $? = 0
configure:11825: cc -c conftest.c -o conftest2.o >&5
configure:11829: $? = 0
configure:11835: cc -c conftest.c -o conftest2.o >&5
configure:11839: $? = 0
configure:11857: result: yes
configure:11882: checking for gcc option to accept ISO C99
configure:12031: gcc  -c -O2  conftest.c >&5
conftest.c:71:29: error: expected ';', ',' or ')' before 'text'
 test_restrict (ccp restrict text)
                             ^
conftest.c: In function 'main':
conftest.c:125:18: error: expected '=', ',', ';', 'asm' or '__attribute__' before 'newvar'
   char *restrict newvar = "Another string";
                  ^
conftest.c:125:18: error: 'newvar' undeclared (first use in this function)
conftest.c:125:18: note: each undeclared identifier is reported only once for each function it appears in
conftest.c:135:3: error: 'for' loop initial declarations are only allowed in C99 or C11 mode
   for (int i = 0; i < ia->datasize; ++i)
   ^
conftest.c:135:3: note: use option -std=c99, -std=gnu99, -std=c11 or -std=gnu11 to compile your code
configure:12031: $? = 1
configure: failed program was:
| /* confdefs.h */
| #define PACKAGE_NAME "Safe C Library"
| #define PACKAGE_TARNAME "libsafec"
| #define PACKAGE_VERSION "10052013"
| #define PACKAGE_STRING "Safe C Library 10052013"
| #define PACKAGE_BUGREPORT "https://sourceforge.net/projects/safeclib/support"
| #define PACKAGE_URL "http://sourceforge.net/projects/safeclib/"
| #define STDC_HEADERS 1
| #define HAVE_SYS_TYPES_H 1
| #define HAVE_SYS_STAT_H 1
| #define HAVE_STDLIB_H 1
| #define HAVE_STRING_H 1
| #define HAVE_MEMORY_H 1
| #define HAVE_STRINGS_H 1
| #define HAVE_INTTYPES_H 1
| #define HAVE_STDINT_H 1
| #define HAVE_UNISTD_H 1
| #define HAVE_DLFCN_H 1
| #define LT_OBJDIR ".libs/"
| /* end confdefs.h.  */
| #include <stdarg.h>
| #include <stdbool.h>
| #include <stdlib.h>
| #include <wchar.h>
| #include <stdio.h>
| 
| // Check varargs macros.  These examples are taken from C99 6.10.3.5.
| #define debug(...) fprintf (stderr, __VA_ARGS__)
| #define showlist(...) puts (#__VA_ARGS__)
| #define report(test,...) ((test) ? puts (#test) : printf (__VA_ARGS__))
| static void
| test_varargs_macros (void)
| {
|   int x = 1234;
|   int y = 5678;
|   debug ("Flag");
|   debug ("X = %d\n", x);
|   showlist (The first, second, and third items.);
|   report (x>y, "x is %d but y is %d", x, y);
| }
| 
| // Check long long types.
| #define BIG64 18446744073709551615ull
| #define BIG32 4294967295ul
| #define BIG_OK (BIG64 / BIG32 == 4294967297ull && BIG64 % BIG32 == 0)
| #if !BIG_OK
|   your preprocessor is broken;
| #endif
| #if BIG_OK
| #else
|   your preprocessor is broken;
| #endif
| static long long int bignum = -9223372036854775807LL;
| static unsigned long long int ubignum = BIG64;
| 
| struct incomplete_array
| {
|   int datasize;
|   double data[];
| };
| 
| struct named_init {
|   int number;
|   const wchar_t *name;
|   double average;
| };
| 
| typedef const char *ccp;
| 
| static inline int
| test_restrict (ccp restrict text)
| {
|   // See if C++-style comments work.
|   // Iterate through items via the restricted pointer.
|   // Also check for declarations in for loops.
|   for (unsigned int i = 0; *(text+i) != '\0'; ++i)
|     continue;
|   return 0;
| }
| 
| // Check varargs and va_copy.
| static void
| test_varargs (const char *format, ...)
| {
|   va_list args;
|   va_start (args, format);
|   va_list args_copy;
|   va_copy (args_copy, args);
| 
|   const char *str;
|   int number;
|   float fnumber;
| 
|   while (*format)
|     {
|       switch (*format++)
| 	{
| 	case 's': // string
| 	  str = va_arg (args_copy, const char *);
| 	  break;
| 	case 'd': // int
| 	  number = va_arg (args_copy, int);
| 	  break;
| 	case 'f': // float
| 	  fnumber = va_arg (args_copy, double);
| 	  break;
| 	default:
| 	  break;
| 	}
|     }
|   va_end (args_copy);
|   va_end (args);
| }
| 
| int
| main ()
| {
| 
|   // Check bool.
|   _Bool success = false;
| 
|   // Check restrict.
|   if (test_restrict ("String literal") == 0)
|     success = true;
|   char *restrict newvar = "Another string";
| 
|   // Check varargs.
|   test_varargs ("s, d' f .", "string", 65, 34.234);
|   test_varargs_macros ();
| 
|   // Check flexible array members.
|   struct incomplete_array *ia =
|     malloc (sizeof (struct incomplete_array) + (sizeof (double) * 10));
|   ia->datasize = 10;
|   for (int i = 0; i < ia->datasize; ++i)
|     ia->data[i] = i * 1.234;
| 
|   // Check named initializers.
|   struct named_init ni = {
|     .number = 34,
|     .name = L"Test wide string",
|     .average = 543.34343,
|   };
| 
|   ni.number = 58;
| 
|   int dynamic_array[ni.number];
|   dynamic_array[ni.number - 1] = 543;
| 
|   // work around unused variable warnings
|   return (!success || bignum == 0LL || ubignum == 0uLL || newvar[0] == 'x'
| 	  || dynamic_array[ni.number - 1] != 543);
| 
|   ;
|   return 0;
| }
configure:12031: gcc -std=gnu99 -c -O2  conftest.c >&5
configure:12031: $? = 0
configure:12051: result: -std=gnu99
configure:12064: Check header files
configure:12067: checking for ANSI C header files
configure:12171: result: yes
configure:12179: checking for stdbool.h that conforms to C99
configure:12264: gcc -std=gnu99 -c -O2  conftest.c >&5
configure:12264: $? = 0
configure:12271: result: yes
configure:12273: checking for _Bool
configure:12273: gcc -std=gnu99 -c -O2  conftest.c >&5
configure:12273: $? = 0
configure:12273: gcc -std=gnu99 -c -O2  conftest.c >&5
conftest.c: In function 'main':
conftest.c:58:20: error: expected expression before ')' token
 if (sizeof ((_Bool)))
                    ^
configure:12273: $? = 1
configure: failed program was:
| /* confdefs.h */
| #define PACKAGE_NAME "Safe C Library"
| #define PACKAGE_TARNAME "libsafec"
| #define PACKAGE_VERSION "10052013"
| #define PACKAGE_STRING "Safe C Library 10052013"
| #define PACKAGE_BUGREPORT "https://sourceforge.net/projects/safeclib/support"
| #define PACKAGE_URL "http://sourceforge.net/projects/safeclib/"
| #define STDC_HEADERS 1
| #define HAVE_SYS_TYPES_H 1
| #define HAVE_SYS_STAT_H 1
| #define HAVE_STDLIB_H 1
| #define HAVE_STRING_H 1
| #define HAVE_MEMORY_H 1
| #define HAVE_STRINGS_H 1
| #define HAVE_INTTYPES_H 1
| #define HAVE_STDINT_H 1
| #define HAVE_UNISTD_H 1
| #define HAVE_DLFCN_H 1
| #define LT_OBJDIR ".libs/"
| #define STDC_HEADERS 1
| /* end confdefs.h.  */
| #include <stdio.h>
| #ifdef HAVE_SYS_TYPES_H
| # include <sys/types.h>
| #endif
| #ifdef HAVE_SYS_STAT_H
| # include <sys/stat.h>
| #endif
| #ifdef STDC_HEADERS
| # include <stdlib.h>
| # include <stddef.h>
| #else
| # ifdef HAVE_STDLIB_H
| #  include <stdlib.h>
| # endif
| #endif
| #ifdef HAVE_STRING_H
| # if !defined STDC_HEADERS && defined HAVE_MEMORY_H
| #  include <memory.h>
| # endif
| # include <string.h>
| #endif
| #ifdef HAVE_STRINGS_H
| # include <strings.h>
| #endif
| #ifdef HAVE_INTTYPES_H
| # include <inttypes.h>
| #endif
| #ifdef HAVE_STDINT_H
| # include <stdint.h>
| #endif
| #ifdef HAVE_UNISTD_H
| # include <unistd.h>
| #endif
| int
| main ()
| {
| if (sizeof ((_Bool)))
| 	    return 0;
|   ;
|   return 0;
| }
configure:12273: result: yes
configure:12289: checking whether time.h and sys/time.h may both be included
configure:12309: gcc -std=gnu99 -c -O2  conftest.c >&5
configure:12309: $? = 0
configure:12316: result: yes
configure:12326: checking sys/time.h usability
configure:12326: gcc -std=gnu99 -c -O2  conftest.c >&5
configure:12326: $? = 0
configure:12326: result: yes
configure:12326: checking sys/time.h presence
configure:12326: gcc -E  conftest.c
configure:12326: $? = 0
configure:12326: result: yes
configure:12326: checking for sys/time.h
configure:12326: result: yes
configure:12347: checking for stdlib.h
configure:12347: result: yes
configure:12347: checking for memory.h
configure:12347: result: yes
configure:12347: checking for string.h
configure:12347: result: yes
configure:12347: checking limits.h usability
configure:12347: gcc -std=gnu99 -c -O2  conftest.c >&5
configure:12347: $? = 0
configure:12347: result: yes
configure:12347: checking limits.h presence
configure:12347: gcc -E  conftest.c
configure:12347: $? = 0
configure:12347: result: yes
configure:12347: checking for limits.h
configure:12347: result: yes
configure:12347: checking for sys/types.h
configure:12347: result: yes
configure:12347: checking for inttypes.h
configure:12347: result: yes
configure:12347: checking for stdint.h
configure:12347: result: yes
configure:12347: checking errno.h usability
configure:12347: gcc -std=gnu99 -c -O2  conftest.c >&5
configure:12347: $? = 0
configure:12347: result: yes
configure:12347: checking errno.h presence
configure:12347: gcc -E  conftest.c
configure:12347: $? = 0
configure:12347: result: yes
configure:12347: checking for errno.h
configure:12347: result: yes
configure:12404: Check typedefs, structures, and compiler characteristics
configure:12407: checking for an ANSI C-conforming const
configure:12472: gcc -std=gnu99 -c -O2  conftest.c >&5
configure:12472: $? = 0
configure:12479: result: yes
configure:12487: checking for inline
configure:12503: gcc -std=gnu99 -c -O2  conftest.c >&5
configure:12503: $? = 0
configure:12511: result: inline
configure:12529: checking for C/C++ restrict keyword
configure:12554: gcc -std=gnu99 -c -O2  conftest.c >&5
configure:12554: $? = 0
configure:12562: result: __restrict
configure:12575: checking for size_t
configure:12575: gcc -std=gnu99 -c -O2  conftest.c >&5
configure:12575: $? = 0
configure:12575: gcc -std=gnu99 -c -O2  conftest.c >&5
conftest.c: In function 'main':
conftest.c:71:21: error: expected expression before ')' token
 if (sizeof ((size_t)))
                     ^
configure:12575: $? = 1
configure: failed program was:
| /* confdefs.h */
| #define PACKAGE_NAME "Safe C Library"
| #define PACKAGE_TARNAME "libsafec"
| #define PACKAGE_VERSION "10052013"
| #define PACKAGE_STRING "Safe C Library 10052013"
| #define PACKAGE_BUGREPORT "https://sourceforge.net/projects/safeclib/support"
| #define PACKAGE_URL "http://sourceforge.net/projects/safeclib/"
| #define STDC_HEADERS 1
| #define HAVE_SYS_TYPES_H 1
| #define HAVE_SYS_STAT_H 1
| #define HAVE_STDLIB_H 1
| #define HAVE_STRING_H 1
| #define HAVE_MEMORY_H 1
| #define HAVE_STRINGS_H 1
| #define HAVE_INTTYPES_H 1
| #define HAVE_STDINT_H 1
| #define HAVE_UNISTD_H 1
| #define HAVE_DLFCN_H 1
| #define LT_OBJDIR ".libs/"
| #define STDC_HEADERS 1
| #define HAVE__BOOL 1
| #define HAVE_STDBOOL_H 1
| #define TIME_WITH_SYS_TIME 1
| #define HAVE_SYS_TIME_H 1
| #define HAVE_STDLIB_H 1
| #define HAVE_MEMORY_H 1
| #define HAVE_STRING_H 1
| #define HAVE_LIMITS_H 1
| #define HAVE_SYS_TYPES_H 1
| #define HAVE_INTTYPES_H 1
| #define HAVE_STDINT_H 1
| #define HAVE_ERRNO_H 1
| #define restrict __restrict
| /* end confdefs.h.  */
| #include <stdio.h>
| #ifdef HAVE_SYS_TYPES_H
| # include <sys/types.h>
| #endif
| #ifdef HAVE_SYS_STAT_H
| # include <sys/stat.h>
| #endif
| #ifdef STDC_HEADERS
| # include <stdlib.h>
| # include <stddef.h>
| #else
| # ifdef HAVE_STDLIB_H
| #  include <stdlib.h>
| # endif
| #endif
| #ifdef HAVE_STRING_H
| # if !defined STDC_HEADERS && defined HAVE_MEMORY_H
| #  include <memory.h>
| # endif
| # include <string.h>
| #endif
| #ifdef HAVE_STRINGS_H
| # include <strings.h>
| #endif
| #ifdef HAVE_INTTYPES_H
| # include <inttypes.h>
| #endif
| #ifdef HAVE_STDINT_H
| # include <stdint.h>
| #endif
| #ifdef HAVE_UNISTD_H
| # include <unistd.h>
| #endif
| int
| main ()
| {
| if (sizeof ((size_t)))
| 	    return 0;
|   ;
|   return 0;
| }
configure:12575: result: yes
configure:12586: checking for int32_t
configure:12586: gcc -std=gnu99 -c -O2  conftest.c >&5
configure:12586: $? = 0
configure:12586: gcc -std=gnu99 -c -O2  conftest.c >&5
conftest.c: In function 'main':
conftest.c:73:53: warning: integer overflow in expression [-Woverflow]
    < (int32_t) (((((int32_t) 1 << N) << N) - 1) * 2 + 2))];
                                                     ^
conftest.c:72:12: error: storage size of 'test_array' isn't constant
 static int test_array [1 - 2 * !((int32_t) (((((int32_t) 1 << N) << N) - 1) * 2 + 1)
            ^
configure:12586: $? = 1
configure: failed program was:
| /* confdefs.h */
| #define PACKAGE_NAME "Safe C Library"
| #define PACKAGE_TARNAME "libsafec"
| #define PACKAGE_VERSION "10052013"
| #define PACKAGE_STRING "Safe C Library 10052013"
| #define PACKAGE_BUGREPORT "https://sourceforge.net/projects/safeclib/support"
| #define PACKAGE_URL "http://sourceforge.net/projects/safeclib/"
| #define STDC_HEADERS 1
| #define HAVE_SYS_TYPES_H 1
| #define HAVE_SYS_STAT_H 1
| #define HAVE_STDLIB_H 1
| #define HAVE_STRING_H 1
| #define HAVE_MEMORY_H 1
| #define HAVE_STRINGS_H 1
| #define HAVE_INTTYPES_H 1
| #define HAVE_STDINT_H 1
| #define HAVE_UNISTD_H 1
| #define HAVE_DLFCN_H 1
| #define LT_OBJDIR ".libs/"
| #define STDC_HEADERS 1
| #define HAVE__BOOL 1
| #define HAVE_STDBOOL_H 1
| #define TIME_WITH_SYS_TIME 1
| #define HAVE_SYS_TIME_H 1
| #define HAVE_STDLIB_H 1
| #define HAVE_MEMORY_H 1
| #define HAVE_STRING_H 1
| #define HAVE_LIMITS_H 1
| #define HAVE_SYS_TYPES_H 1
| #define HAVE_INTTYPES_H 1
| #define HAVE_STDINT_H 1
| #define HAVE_ERRNO_H 1
| #define restrict __restrict
| /* end confdefs.h.  */
| #include <stdio.h>
| #ifdef HAVE_SYS_TYPES_H
| # include <sys/types.h>
| #endif
| #ifdef HAVE_SYS_STAT_H
| # include <sys/stat.h>
| #endif
| #ifdef STDC_HEADERS
| # include <stdlib.h>
| # include <stddef.h>
| #else
| # ifdef HAVE_STDLIB_H
| #  include <stdlib.h>
| # endif
| #endif
| #ifdef HAVE_STRING_H
| # if !defined STDC_HEADERS && defined HAVE_MEMORY_H
| #  include <memory.h>
| # endif
| # include <string.h>
| #endif
| #ifdef HAVE_STRINGS_H
| # include <strings.h>
| #endif
| #ifdef HAVE_INTTYPES_H
| # include <inttypes.h>
| #endif
| #ifdef HAVE_STDINT_H
| # include <stdint.h>
| #endif
| #ifdef HAVE_UNISTD_H
| # include <unistd.h>
| #endif
| 	        enum { N = 32 / 2 - 1 };
| int
| main ()
| {
| static int test_array [1 - 2 * !((int32_t) (((((int32_t) 1 << N) << N) - 1) * 2 + 1)
| 		 < (int32_t) (((((int32_t) 1 << N) << N) - 1) * 2 + 2))];
| test_array [0] = 0
| 
|   ;
|   return 0;
| }
configure:12586: result: yes
configure:12597: checking for uint8_t
configure:12597: gcc -std=gnu99 -c -O2  conftest.c >&5
configure:12597: $? = 0
configure:12597: result: yes
configure:12611: checking for uint16_t
configure:12611: gcc -std=gnu99 -c -O2  conftest.c >&5
configure:12611: $? = 0
configure:12611: result: yes
configure:12623: checking for uint32_t
configure:12623: gcc -std=gnu99 -c -O2  conftest.c >&5
configure:12623: $? = 0
configure:12623: result: yes
configure:12638: checking for uintptr_t
configure:12638: gcc -std=gnu99 -c -O2  conftest.c >&5
configure:12638: $? = 0
configure:12638: gcc -std=gnu99 -c -O2  conftest.c >&5
conftest.c: In function 'main':
conftest.c:71:24: error: expected expression before ')' token
 if (sizeof ((uintptr_t)))
                        ^
configure:12638: $? = 1
configure: failed program was:
| /* confdefs.h */
| #define PACKAGE_NAME "Safe C Library"
| #define PACKAGE_TARNAME "libsafec"
| #define PACKAGE_VERSION "10052013"
| #define PACKAGE_STRING "Safe C Library 10052013"
| #define PACKAGE_BUGREPORT "https://sourceforge.net/projects/safeclib/support"
| #define PACKAGE_URL "http://sourceforge.net/projects/safeclib/"
| #define STDC_HEADERS 1
| #define HAVE_SYS_TYPES_H 1
| #define HAVE_SYS_STAT_H 1
| #define HAVE_STDLIB_H 1
| #define HAVE_STRING_H 1
| #define HAVE_MEMORY_H 1
| #define HAVE_STRINGS_H 1
| #define HAVE_INTTYPES_H 1
| #define HAVE_STDINT_H 1
| #define HAVE_UNISTD_H 1
| #define HAVE_DLFCN_H 1
| #define LT_OBJDIR ".libs/"
| #define STDC_HEADERS 1
| #define HAVE__BOOL 1
| #define HAVE_STDBOOL_H 1
| #define TIME_WITH_SYS_TIME 1
| #define HAVE_SYS_TIME_H 1
| #define HAVE_STDLIB_H 1
| #define HAVE_MEMORY_H 1
| #define HAVE_STRING_H 1
| #define HAVE_LIMITS_H 1
| #define HAVE_SYS_TYPES_H 1
| #define HAVE_INTTYPES_H 1
| #define HAVE_STDINT_H 1
| #define HAVE_ERRNO_H 1
| #define restrict __restrict
| /* end confdefs.h.  */
| #include <stdio.h>
| #ifdef HAVE_SYS_TYPES_H
| # include <sys/types.h>
| #endif
| #ifdef HAVE_SYS_STAT_H
| # include <sys/stat.h>
| #endif
| #ifdef STDC_HEADERS
| # include <stdlib.h>
| # include <stddef.h>
| #else
| # ifdef HAVE_STDLIB_H
| #  include <stdlib.h>
| # endif
| #endif
| #ifdef HAVE_STRING_H
| # if !defined STDC_HEADERS && defined HAVE_MEMORY_H
| #  include <memory.h>
| # endif
| # include <string.h>
| #endif
| #ifdef HAVE_STRINGS_H
| # include <strings.h>
| #endif
| #ifdef HAVE_INTTYPES_H
| # include <inttypes.h>
| #endif
| #ifdef HAVE_STDINT_H
| # include <stdint.h>
| #endif
| #ifdef HAVE_UNISTD_H
| # include <unistd.h>
| #endif
| int
| main ()
| {
| if (sizeof ((uintptr_t)))
| 	    return 0;
|   ;
|   return 0;
| }
configure:12638: result: yes
configure:12673: checking for errno_t
configure:12673: gcc -std=gnu99 -c -O2  conftest.c >&5
conftest.c: In function 'main':
conftest.c:41:13: error: 'errno_t' undeclared (first use in this function)
 if (sizeof (errno_t))
             ^
conftest.c:41:13: note: each undeclared identifier is reported only once for each function it appears in
configure:12673: $? = 1
configure: failed program was:
| /* confdefs.h */
| #define PACKAGE_NAME "Safe C Library"
| #define PACKAGE_TARNAME "libsafec"
| #define PACKAGE_VERSION "10052013"
| #define PACKAGE_STRING "Safe C Library 10052013"
| #define PACKAGE_BUGREPORT "https://sourceforge.net/projects/safeclib/support"
| #define PACKAGE_URL "http://sourceforge.net/projects/safeclib/"
| #define STDC_HEADERS 1
| #define HAVE_SYS_TYPES_H 1
| #define HAVE_SYS_STAT_H 1
| #define HAVE_STDLIB_H 1
| #define HAVE_STRING_H 1
| #define HAVE_MEMORY_H 1
| #define HAVE_STRINGS_H 1
| #define HAVE_INTTYPES_H 1
| #define HAVE_STDINT_H 1
| #define HAVE_UNISTD_H 1
| #define HAVE_DLFCN_H 1
| #define LT_OBJDIR ".libs/"
| #define STDC_HEADERS 1
| #define HAVE__BOOL 1
| #define HAVE_STDBOOL_H 1
| #define TIME_WITH_SYS_TIME 1
| #define HAVE_SYS_TIME_H 1
| #define HAVE_STDLIB_H 1
| #define HAVE_MEMORY_H 1
| #define HAVE_STRING_H 1
| #define HAVE_LIMITS_H 1
| #define HAVE_SYS_TYPES_H 1
| #define HAVE_INTTYPES_H 1
| #define HAVE_STDINT_H 1
| #define HAVE_ERRNO_H 1
| #define restrict __restrict
| #define HAVE_UINTPTR_T 1
| /* end confdefs.h.  */
| #include <errno.h>
| 
| int
| main ()
| {
| if (sizeof (errno_t))
| 	 return 0;
|   ;
|   return 0;
| }
configure:12673: result: no
configure:12686: Check library functions
configure:12689: checking for working memcmp
configure:12732: gcc -std=gnu99 -o conftest -O2   conftest.c  >&5
configure:12732: $? = 0
configure:12732: ./conftest
configure:12732: $? = 0
configure:12742: result: yes
configure:12754: checking for memset
configure:12754: gcc -std=gnu99 -o conftest -O2   conftest.c  >&5
conftest.c:59:6: warning: conflicting types for built-in function 'memset'
 char memset ();
      ^
configure:12754: $? = 0
configure:12754: result: yes
configure:12754: checking for strcasecmp
configure:12754: gcc -std=gnu99 -o conftest -O2   conftest.c  >&5
conftest.c:60:6: warning: conflicting types for built-in function 'strcasecmp'
 char strcasecmp ();
      ^
configure:12754: $? = 0
configure:12754: result: yes
configure:12754: checking for strcspn
configure:12754: gcc -std=gnu99 -o conftest -O2   conftest.c  >&5
conftest.c:61:6: warning: conflicting types for built-in function 'strcspn'
 char strcspn ();
      ^
configure:12754: $? = 0
configure:12754: result: yes
configure:12754: checking for strpbrk
configure:12754: gcc -std=gnu99 -o conftest -O2   conftest.c  >&5
conftest.c:62:6: warning: conflicting types for built-in function 'strpbrk'
 char strpbrk ();
      ^
configure:12754: $? = 0
configure:12754: result: yes
configure:12754: checking for strspn
configure:12754: gcc -std=gnu99 -o conftest -O2   conftest.c  >&5
conftest.c:63:6: warning: conflicting types for built-in function 'strspn'
 char strspn ();
      ^
configure:12754: $? = 0
configure:12754: result: yes
configure:12754: checking for strstr
configure:12754: gcc -std=gnu99 -o conftest -O2   conftest.c  >&5
conftest.c:64:6: warning: conflicting types for built-in function 'strstr'
 char strstr ();
      ^
configure:12754: $? = 0
configure:12754: result: yes
configure:12951: creating ./config.status

## ---------------------- ##
## Running config.status. ##
## ---------------------- ##

This file was extended by Safe C Library config.status 10052013, which was
generated by GNU Autoconf 2.67.  Invocation command line was

  CONFIG_FILES    = 
  CONFIG_HEADERS  = 
  CONFIG_LINKS    = 
  CONFIG_COMMANDS = 
  $ ./config.status 

on bujji

config.status:1113: creating safec-1.0.pc
config.status:1113: creating include/safe_lib_errno.h
config.status:1113: creating include/safe_types.h
config.status:1113: creating Makefile
config.status:1113: creating src/Makefile
config.status:1113: creating tests/Makefile
config.status:1113: creating config.h
config.status:1341: executing depfiles commands
config.status:1341: executing libtool commands

## ---------------- ##
## Cache variables. ##
## ---------------- ##

ac_cv_build=x86_64-unknown-linux-gnu
ac_cv_c_compiler_gnu=yes
ac_cv_c_const=yes
ac_cv_c_inline=inline
ac_cv_c_int32_t=yes
ac_cv_c_restrict=__restrict
ac_cv_c_uint16_t=yes
ac_cv_c_uint32_t=yes
ac_cv_c_uint8_t=yes
ac_cv_env_CC_set=
ac_cv_env_CC_value=
ac_cv_env_CFLAGS_set=
ac_cv_env_CFLAGS_value=
ac_cv_env_CPPFLAGS_set=
ac_cv_env_CPPFLAGS_value=
ac_cv_env_CPP_set=
ac_cv_env_CPP_value=
ac_cv_env_LDFLAGS_set=
ac_cv_env_LDFLAGS_value=
ac_cv_env_LIBS_set=
ac_cv_env_LIBS_value=
ac_cv_env_build_alias_set=
ac_cv_env_build_alias_value=
ac_cv_env_host_alias_set=
ac_cv_env_host_alias_value=
ac_cv_env_target_alias_set=
ac_cv_env_target_alias_value=
ac_cv_func_memcmp_working=yes
ac_cv_func_memset=yes
ac_cv_func_strcasecmp=yes
ac_cv_func_strcspn=yes
ac_cv_func_strpbrk=yes
ac_cv_func_strspn=yes
ac_cv_func_strstr=yes
ac_cv_header_dlfcn_h=yes
ac_cv_header_errno_h=yes
ac_cv_header_inttypes_h=yes
ac_cv_header_limits_h=yes
ac_cv_header_memory_h=yes
ac_cv_header_stdbool_h=yes
ac_cv_header_stdc=yes
ac_cv_header_stdint_h=yes
ac_cv_header_stdlib_h=yes
ac_cv_header_string_h=yes
ac_cv_header_strings_h=yes
ac_cv_header_sys_stat_h=yes
ac_cv_header_sys_time_h=yes
ac_cv_header_sys_types_h=yes
ac_cv_header_time=yes
ac_cv_header_unistd_h=yes
ac_cv_host=x86_64-unknown-linux-gnu
ac_cv_objext=o
ac_cv_path_EGREP='/bin/grep -E'
ac_cv_path_FGREP='/bin/grep -F'
ac_cv_path_GREP=/bin/grep
ac_cv_path_SED=/bin/sed
ac_cv_path_install='/usr/bin/install -c'
ac_cv_path_mkdir=/bin/mkdir
ac_cv_prog_AWK=mawk
ac_cv_prog_CPP='gcc -E'
ac_cv_prog_ac_ct_AR=ar
ac_cv_prog_ac_ct_CC=gcc
ac_cv_prog_ac_ct_OBJDUMP=objdump
ac_cv_prog_ac_ct_RANLIB=ranlib
ac_cv_prog_ac_ct_STRIP=strip
ac_cv_prog_cc_c89=
ac_cv_prog_cc_c99=-std=gnu99
ac_cv_prog_cc_g=yes
ac_cv_prog_cc_gcc_c_o=yes
ac_cv_prog_make_make_set=yes
ac_cv_type__Bool=yes
ac_cv_type_errno_t=no
ac_cv_type_size_t=yes
ac_cv_type_uintptr_t=yes
am_cv_CC_dependencies_compiler_type=gcc3
lt_cv_archive_cmds_need_lc=no
lt_cv_deplibs_check_method=pass_all
lt_cv_file_magic_cmd='$MAGIC_CMD'
lt_cv_file_magic_test_file=
lt_cv_ld_reload_flag=-r
lt_cv_nm_interface='BSD nm'
lt_cv_objdir=.libs
lt_cv_path_LD=/usr/bin/ld
lt_cv_path_NM='/usr/bin/nm -B'
lt_cv_prog_compiler_c_o=yes
lt_cv_prog_compiler_pic_works=yes
lt_cv_prog_compiler_rtti_exceptions=no
lt_cv_prog_compiler_static_works=yes
lt_cv_prog_gnu_ld=yes
lt_cv_shlibpath_overrides_runpath=no
lt_cv_sys_global_symbol_pipe='sed -n -e '\''s/^.*[	 ]\([ABCDGIRSTW][ABCDGIRSTW]*\)[	 ][	 ]*\([_A-Za-z][_A-Za-z0-9]*\)$/\1 \2 \2/p'\'''
lt_cv_sys_global_symbol_to_c_name_address='sed -n -e '\''s/^: \([^ ]*\) $/  {\"\1\", (void *) 0},/p'\'' -e '\''s/^[ABCDGIRSTW]* \([^ ]*\) \([^ ]*\)$/  {"\2", (void *) \&\2},/p'\'''
lt_cv_sys_global_symbol_to_c_name_address_lib_prefix='sed -n -e '\''s/^: \([^ ]*\) $/  {\"\1\", (void *) 0},/p'\'' -e '\''s/^[ABCDGIRSTW]* \([^ ]*\) \(lib[^ ]*\)$/  {"\2", (void *) \&\2},/p'\'' -e '\''s/^[ABCDGIRSTW]* \([^ ]*\) \([^ ]*\)$/  {"lib\2", (void *) \&\2},/p'\'''
lt_cv_sys_global_symbol_to_cdecl='sed -n -e '\''s/^T .* \(.*\)$/extern int \1();/p'\'' -e '\''s/^[ABCDGIRSTW]* .* \(.*\)$/extern char \1;/p'\'''
lt_cv_sys_max_cmd_len=1572864

## ----------------- ##
## Output variables. ##
## ----------------- ##

ACLOCAL='${SHELL} /home/bujji/c/libsafec-10052013/build-tools/missing --run aclocal-1.11'
AMDEPBACKSLASH='\'
AMDEP_FALSE='#'
AMDEP_TRUE=''
AMTAR='${SHELL} /home/bujji/c/libsafec-10052013/build-tools/missing --run tar'
AM_BACKSLASH='\'
AM_CFLAGS='-Wall'
AM_CPPFLAGS='-I$(top_srcdir)/include'
AM_DEFAULT_VERBOSITY='0'
AR='ar'
AUTOCONF='${SHELL} /home/bujji/c/libsafec-10052013/build-tools/missing --run autoconf'
AUTOHEADER='${SHELL} /home/bujji/c/libsafec-10052013/build-tools/missing --run autoheader'
AUTOMAKE='${SHELL} /home/bujji/c/libsafec-10052013/build-tools/missing --run automake-1.11'
AWK='mawk'
CC='gcc -std=gnu99'
CCDEPMODE='depmode=gcc3'
CFLAGS='-O2'
CPP='gcc -E'
CPPFLAGS=''
CYGPATH_W='echo'
DEFS='-DHAVE_CONFIG_H'
DEPDIR='.deps'
DSYMUTIL=''
DUMPBIN=''
ECHO_C=''
ECHO_N='-n'
ECHO_T=''
EGREP='/bin/grep -E'
ENABLE_DEBUG_BUILD_FALSE=''
ENABLE_DEBUG_BUILD_TRUE='#'
ENABLE_DEBUG_FALSE=''
ENABLE_DEBUG_TRUE='#'
EXEEXT=''
FALLBACK_ERRNO_T='typedef int errno_t;'
FGREP='/bin/grep -F'
GREP='/bin/grep'
INSERT_BOOL_SUPPORT='#include <stdbool.h>'
INSERT_ERRNO_H='#include <errno.h>'
INSERT_INTTYPES_H='#include <inttypes.h>'
INSERT_STDINT_H='#include <stdint.h>'
INSERT_SYS_TYPES_H='#include <sys/types.h>'
INSTALL_DATA='${INSTALL} -m 644'
INSTALL_PROGRAM='${INSTALL}'
INSTALL_SCRIPT='${INSTALL}'
INSTALL_STRIP_PROGRAM='$(install_sh) -c -s'
LD='/usr/bin/ld -m elf_x86_64'
LDFLAGS=''
LIBOBJS=''
LIBS=''
LIBTOOL='$(SHELL) $(top_builddir)/libtool'
LIPO=''
LN_S='ln -s'
LTLIBOBJS=''
MAKEINFO='${SHELL} /home/bujji/c/libsafec-10052013/build-tools/missing --run makeinfo'
MKDIR_P='/bin/mkdir -p'
NM='/usr/bin/nm -B'
NMEDIT=''
OBJDUMP='objdump'
OBJEXT='o'
OTOOL64=''
OTOOL=''
PACKAGE='libsafec'
PACKAGE_BUGREPORT='https://sourceforge.net/projects/safeclib/support'
PACKAGE_NAME='Safe C Library'
PACKAGE_STRING='Safe C Library 10052013'
PACKAGE_TARNAME='libsafec'
PACKAGE_URL='http://sourceforge.net/projects/safeclib/'
PACKAGE_VERSION='10052013'
PATH_SEPARATOR=':'
RANLIB='ranlib'
SAFEC_API_VERSION='1.0'
SAFEC_SO_VERSION='1:0:0'
SED='/bin/sed'
SET_MAKE=''
SHELL='/bin/bash'
STRIP='strip'
TARBALL_VERSION_FILE='.tarball-version'
VERSION='10052013'
ac_ct_CC='gcc'
ac_ct_DUMPBIN=''
am__EXEEXT_FALSE=''
am__EXEEXT_TRUE='#'
am__fastdepCC_FALSE='#'
am__fastdepCC_TRUE=''
am__include='include'
am__isrc=''
am__leading_dot='.'
am__quote=''
am__tar='${AMTAR} chof - "$$tardir"'
am__untar='${AMTAR} xf -'
bindir='${exec_prefix}/bin'
build='x86_64-unknown-linux-gnu'
build_alias=''
build_cpu='x86_64'
build_os='linux-gnu'
build_vendor='unknown'
datadir='${datarootdir}'
datarootdir='${prefix}/share'
docdir='${datarootdir}/doc/${PACKAGE_TARNAME}'
dvidir='${docdir}'
exec_prefix='${prefix}'
host='x86_64-unknown-linux-gnu'
host_alias=''
host_cpu='x86_64'
host_os='linux-gnu'
host_vendor='unknown'
htmldir='${docdir}'
includedir='${prefix}/include'
infodir='${datarootdir}/info'
install_sh='${SHELL} /home/bujji/c/libsafec-10052013/build-tools/install-sh'
libdir='${exec_prefix}/lib'
libexecdir='${exec_prefix}/libexec'
localedir='${datarootdir}/locale'
localstatedir='${prefix}/var'
mandir='${datarootdir}/man'
mkdir_p='/bin/mkdir -p'
oldincludedir='/usr/include'
pdfdir='${docdir}'
prefix='/usr/local'
program_transform_name='s,x,x,'
psdir='${docdir}'
sbindir='${exec_prefix}/sbin'
sharedstatedir='${prefix}/com'
sysconfdir='${prefix}/etc'
target_alias=''

## ----------- ##
## confdefs.h. ##
## ----------- ##

/* confdefs.h */
#define PACKAGE_NAME "Safe C Library"
#define PACKAGE_TARNAME "libsafec"
#define PACKAGE_VERSION "10052013"
#define PACKAGE_STRING "Safe C Library 10052013"
#define PACKAGE_BUGREPORT "https://sourceforge.net/projects/safeclib/support"
#define PACKAGE_URL "http://sourceforge.net/projects/safeclib/"
#define STDC_HEADERS 1
#define HAVE_SYS_TYPES_H 1
#define HAVE_SYS_STAT_H 1
#define HAVE_STDLIB_H 1
#define HAVE_STRING_H 1
#define HAVE_MEMORY_H 1
#define HAVE_STRINGS_H 1
#define HAVE_INTTYPES_H 1
#define HAVE_STDINT_H 1
#define HAVE_UNISTD_H 1
#define HAVE_DLFCN_H 1
#define LT_OBJDIR ".libs/"
#define STDC_HEADERS 1
#define HAVE__BOOL 1
#define HAVE_STDBOOL_H 1
#define TIME_WITH_SYS_TIME 1
#define HAVE_SYS_TIME_H 1
#define HAVE_STDLIB_H 1
#define HAVE_MEMORY_H 1
#define HAVE_STRING_H 1
#define HAVE_LIMITS_H 1
#define HAVE_SYS_TYPES_H 1
#define HAVE_INTTYPES_H 1
#define HAVE_STDINT_H 1
#define HAVE_ERRNO_H 1
#define restrict __restrict
#define HAVE_UINTPTR_T 1
#define HAVE_MEMSET 1
#define HAVE_STRCASECMP 1
#define HAVE_STRCSPN 1
#define HAVE_STRPBRK 1
#define HAVE_STRSPN 1
#define HAVE_STRSTR 1

configure: exit 0
